[2024-05-21 09:47:07.420] [basic_logger] [info] Logger initialized
[2024-05-21 09:47:07.420] [basic_logger] [info] Starting trading platform
[2024-05-21 09:47:07.420] [basic_logger] [info] Trading platform finished execution
[2024-05-21 09:49:13.705] [basic_logger] [info] Logger initialized
[2024-05-21 09:49:13.706] [basic_logger] [info] Starting trading platform
[2024-05-21 09:49:13.706] [basic_logger] [info] Starting simulation
[2024-05-21 09:49:13.706] [basic_logger] [info] Simulation finished
[2024-05-21 09:49:13.706] [basic_logger] [info] Trading platform finished execution
[2024-05-22 12:05:27.371] [basic_logger] [info] Logger initialized
[2024-05-22 12:05:27.374] [basic_logger] [info] Starting trading platform
[2024-05-22 12:05:27.374] [basic_logger] [info] Starting simulation
[2024-05-22 12:05:27.374] [basic_logger] [info] Simulation finished
[2024-05-22 12:05:27.374] [basic_logger] [info] Trading platform finished execution
[2024-05-22 12:08:54.562] [basic_logger] [info] Logger initialized
[2024-05-22 12:08:54.564] [basic_logger] [info] Starting trading platform
[2024-05-22 12:08:54.564] [basic_logger] [info] Starting simulation
[2024-05-22 12:08:54.564] [basic_logger] [info] Simulation finished
[2024-05-22 12:08:54.564] [basic_logger] [info] Trading platform finished execution
[2024-05-22 12:10:12.766] [basic_logger] [info] Logger initialized
[2024-05-22 12:10:12.768] [basic_logger] [info] Starting trading platform
[2024-05-22 12:10:12.768] [basic_logger] [info] Starting simulation
[2024-05-22 12:10:12.768] [basic_logger] [info] Simulation finished
[2024-05-22 12:10:12.768] [basic_logger] [info] Trading platform finished execution
[2024-05-22 12:13:00.633] [basic_logger] [info] Logger initialized
[2024-05-22 12:13:00.634] [basic_logger] [info] Starting trading platform
[2024-05-22 12:13:00.635] [basic_logger] [info] Trading platform finished execution
[2024-05-23 10:15:18.663] [basic_logger] [info] Logger initialized
[2024-05-23 10:15:18.664] [basic_logger] [info] Starting trading platform
[2024-05-23 10:15:18.665] [basic_logger] [info] Trading platform finished execution
